\BOOKMARK [1][-]{section.1}{\376\377\000I\000N\000T\000R\000O\000D\000U\000C\000C\000I\000\323\000N}{}% 1
\BOOKMARK [2][-]{subsection.1.1}{\376\377\000F\000U\000N\000D\000A\000M\000E\000N\000T\000A\000C\000I\000\323\000N}{section.1}% 2
\BOOKMARK [2][-]{subsection.1.2}{\376\377\000O\000B\000J\000E\000T\000I\000V\000O\000S}{section.1}% 3
\BOOKMARK [3][-]{subsubsection.1.2.1}{\376\377\000O\000B\000J\000E\000T\000I\000V\000O\000\040\000G\000E\000N\000E\000R\000A\000L}{subsection.1.2}% 4
\BOOKMARK [3][-]{subsubsection.1.2.2}{\376\377\000O\000B\000J\000E\000T\000I\000V\000O\000S\000\040\000E\000S\000P\000E\000C\000\315\000F\000I\000C\000O\000S}{subsection.1.2}% 5
\BOOKMARK [2][-]{subsection.1.3}{\376\377\000E\000S\000T\000R\000U\000C\000T\000U\000R\000A\000\040\000D\000E\000\040\000L\000A\000\040\000I\000N\000V\000E\000S\000T\000I\000G\000A\000C\000I\000\323\000N}{section.1}% 6
\BOOKMARK [1][-]{section.2}{\376\377\000M\000A\000R\000C\000O\000\040\000T\000E\000\323\000R\000I\000C\000O}{}% 7
\BOOKMARK [2][-]{subsection.2.1}{\376\377\000S\000i\000s\000t\000e\000m\000a\000s\000\040\000d\000e\000\040\000t\000e\000x\000t\000o\000\040\000a\000\040\000v\000o\000z}{section.2}% 8
\BOOKMARK [3][-]{subsubsection.2.1.1}{\376\377\000S\000\355\000n\000t\000e\000s\000i\000s\000\040\000c\000o\000n\000c\000a\000t\000e\000n\000a\000t\000i\000v\000a\000\040\000y\000\040\000p\000a\000r\000a\000m\000\351\000t\000r\000i\000c\000a}{subsection.2.1}% 9
\BOOKMARK [3][-]{subsubsection.2.1.2}{\376\377\000A\000p\000r\000e\000n\000d\000i\000z\000a\000j\000e\000\040\000p\000r\000o\000f\000u\000n\000d\000o\000\040\000n\000e\000u\000r\000o\000n\000a\000l\000\040\000a\000p\000l\000i\000c\000a\000d\000o\000\040\000a\000\040\000T\000T\000S}{subsection.2.1}% 10
\BOOKMARK [2][-]{subsection.2.2}{\376\377\000E\000v\000a\000l\000u\000a\000c\000i\000\363\000n\000\040\000d\000e\000\040\000v\000o\000c\000e\000s\000\040\000s\000i\000n\000t\000e\000t\000i\000z\000a\000d\000a\000s}{section.2}% 11
\BOOKMARK [2][-]{subsection.2.3}{\376\377\000T\000\351\000c\000n\000i\000c\000a\000s\000\040\000p\000o\000s\000i\000b\000l\000e\000s\000\040\000d\000e\000\040\000a\000l\000t\000e\000r\000a\000c\000i\000\363\000n\000\040\000d\000e\000l\000\040\000h\000a\000b\000l\000a\000n\000t\000e}{section.2}% 12
\BOOKMARK [3][-]{subsubsection.2.3.1}{\376\377\000V\000o\000c\000a\000l\000\040\000T\000r\000a\000c\000t\000\040\000L\000e\000n\000g\000h\000t\000\040\000P\000e\000r\000t\000u\000r\000b\000a\000t\000i\000o\000n}{subsection.2.3}% 13
\BOOKMARK [3][-]{subsubsection.2.3.2}{\376\377\000A\000l\000g\000o\000r\000i\000t\000m\000o\000\040\000d\000e\000\040\000G\000r\000i\000f\000f\000i\000n\000-\000L\000i\000m}{subsection.2.3}% 14
\BOOKMARK [2][-]{subsection.2.4}{\376\377\000V\000e\000c\000t\000o\000r\000i\000z\000a\000c\000i\000\363\000n\000\040\000d\000e\000\040\000h\000a\000b\000l\000a\000n\000t\000e\000s\000\040\000\050\000s\000p\000e\000a\000k\000e\000r\000\040\000e\000m\000b\000e\000d\000d\000i\000n\000g\000s\000\051}{section.2}% 15
\BOOKMARK [1][-]{section.3}{\376\377\000E\000S\000T\000A\000D\000O\000\040\000D\000E\000L\000\040\000A\000R\000T\000E}{}% 16
\BOOKMARK [2][-]{subsection.3.1}{\376\377\000P\000E\000S\000Q\000\040\000y\000\040\000P\000O\000L\000Q\000A}{section.3}% 17
\BOOKMARK [2][-]{subsection.3.2}{\376\377\000V\000i\000S\000Q\000O\000L}{section.3}% 18
\BOOKMARK [2][-]{subsection.3.3}{\376\377\000M\000O\000S\000N\000e\000t}{section.3}% 19
\BOOKMARK [2][-]{subsection.3.4}{\376\377\000N\000I\000S\000Q\000A}{section.3}% 20
\BOOKMARK [2][-]{subsection.3.5}{\376\377\000S\000i\000n\000o\000p\000s\000i\000s\000\040\000d\000e\000\040\000l\000a\000s\000\040\000d\000i\000s\000t\000i\000n\000t\000a\000s\000\040\000m\000e\000t\000r\000i\000c\000a\000s\000\040\000d\000e\000\040\000c\000a\000l\000i\000d\000a\000d\000\040\000o\000b\000j\000e\000t\000i\000v\000a\000\040\000p\000r\000e\000s\000e\000n\000t\000a\000d\000a\000s}{section.3}% 21
\BOOKMARK [1][-]{section.4}{\376\377\000M\000E\000T\000O\000D\000O\000L\000O\000G\000\315\000A}{}% 22
\BOOKMARK [2][-]{subsection.4.1}{\376\377\000O\000b\000t\000e\000n\000c\000i\000\363\000n\000\040\000d\000e\000\040\000d\000a\000t\000o\000s}{section.4}% 23
\BOOKMARK [2][-]{subsection.4.2}{\376\377\000E\000x\000p\000a\000n\000s\000i\000\363\000n\000\040\000a\000r\000t\000i\000f\000i\000c\000i\000a\000l\000\040\000d\000e\000\040\000d\000a\000t\000o\000s}{section.4}% 24
\BOOKMARK [2][-]{subsection.4.3}{\376\377\000D\000i\000s\000e\000\361\000o\000\040\000d\000e\000\040\000l\000a\000\040\000p\000r\000u\000e\000b\000a\000\040\000s\000u\000b\000j\000e\000t\000i\000v\000a}{section.4}% 25
\BOOKMARK [3][-]{subsubsection.4.3.1}{\376\377\000S\000e\000l\000e\000c\000c\000i\000\363\000n\000\040\000d\000e\000\040\000r\000e\000s\000p\000u\000e\000s\000t\000a\000s\000\040\000v\000a\000l\000i\000d\000a\000s}{subsection.4.3}% 26
\BOOKMARK [3][-]{subsubsection.4.3.2}{\376\377\000R\000e\000d\000i\000s\000t\000r\000i\000b\000u\000c\000i\000\363\000n\000\040\000d\000e\000\040\000a\000u\000d\000i\000o\000s\000\040\000a\000\040\000c\000l\000a\000s\000i\000f\000i\000c\000a\000r}{subsection.4.3}% 27
\BOOKMARK [2][-]{subsection.4.4}{\376\377\000S\000i\000s\000t\000e\000m\000a\000\040\000d\000e\000\040\000p\000r\000e\000d\000i\000c\000c\000i\000\363\000n\000\040\000d\000e\000\040\000M\000O\000S}{section.4}% 28
\BOOKMARK [3][-]{subsubsection.4.4.1}{\376\377\000F\000u\000n\000c\000i\000o\000n\000a\000m\000i\000e\000n\000t\000o\000\040\000g\000e\000n\000e\000r\000a\000l}{subsection.4.4}% 29
\BOOKMARK [3][-]{subsubsection.4.4.2}{\376\377\000S\000e\000g\000m\000e\000n\000t\000a\000c\000i\000\363\000n\000\040\000e\000n\000\040\000e\000s\000p\000e\000c\000t\000r\000o\000g\000r\000a\000m\000a\000s\000\040\000d\000e\000\040\000M\000E\000L}{subsection.4.4}% 30
\BOOKMARK [3][-]{subsubsection.4.4.3}{\376\377\000R\000e\000d\000\040\000C\000N\000N\000-\000B\000i\000L\000S\000T\000M}{subsection.4.4}% 31
\BOOKMARK [3][-]{subsubsection.4.4.4}{\376\377\000E\000n\000t\000r\000e\000n\000a\000m\000i\000e\000n\000t\000o\000\040\000y\000\040\000d\000e\000t\000a\000l\000l\000e\000\040\000d\000e\000\040\000l\000a\000\040\000i\000m\000p\000l\000e\000m\000e\000n\000t\000a\000c\000i\000\363\000n}{subsection.4.4}% 32
\BOOKMARK [2][-]{subsection.4.5}{\376\377\000E\000v\000a\000l\000u\000a\000c\000i\000\363\000n\000\040\000o\000b\000j\000e\000t\000i\000v\000a\000\040\000d\000e\000l\000\040\000s\000i\000s\000t\000e\000m\000a\000\040\000p\000r\000o\000p\000u\000e\000s\000t\000o}{section.4}% 33
\BOOKMARK [1][-]{section.5}{\376\377\000R\000E\000S\000U\000L\000T\000A\000D\000O\000S\000\040\000Y\000\040\000A\000N\000\301\000L\000I\000S\000I\000S}{}% 34
\BOOKMARK [2][-]{subsection.5.1}{\376\377\000R\000e\000s\000u\000l\000t\000a\000d\000o\000s\000\040\000i\000n\000i\000c\000i\000a\000l\000e\000s}{section.5}% 35
\BOOKMARK [2][-]{subsection.5.2}{\376\377\000T\000i\000e\000m\000p\000o\000\040\000d\000e\000\040\000p\000r\000o\000c\000e\000s\000a\000m\000i\000e\000n\000t\000o}{section.5}% 36
\BOOKMARK [2][-]{subsection.5.3}{\376\377\000M\000o\000d\000e\000l\000o\000\040\000f\000i\000n\000a\000l}{section.5}% 37
\BOOKMARK [1][-]{section.6}{\376\377\000D\000I\000S\000C\000U\000S\000I\000\323\000N\000\040\000D\000E\000\040\000L\000O\000S\000\040\000R\000E\000S\000U\000L\000T\000A\000D\000O\000S}{}% 38
\BOOKMARK [1][-]{section.7}{\376\377\000C\000O\000N\000C\000L\000U\000S\000I\000O\000N\000E\000S}{}% 39
\BOOKMARK [1][-]{section.8}{\376\377\000T\000R\000A\000B\000A\000J\000O\000S\000\040\000F\000U\000T\000U\000R\000O\000S}{}% 40
\BOOKMARK [1][-]{section.9}{\376\377\000A\000n\000e\000x\000o\000\040\000I\000:\000\040\000L\000i\000s\000t\000a\000d\000o\000\040\000d\000e\000\040\000f\000r\000a\000s\000e\000s\000\040\000u\000t\000i\000l\000i\000z\000a\000d\000a\000s\000\040\000p\000a\000r\000a\000\040\000s\000i\000n\000t\000e\000t\000i\000z\000a\000r\000\040\000a\000u\000d\000i\000o\000s}{}% 41
\BOOKMARK [1][-]{section.10}{\376\377\000A\000n\000e\000x\000o\000\040\000I\000I\000:\000\040\000C\000\363\000d\000i\000g\000o\000\040\000I\000m\000p\000l\000e\000m\000e\000n\000t\000a\000d\000o}{}% 42
